
SQL*Loader: Release 19.0.0.0.0 - Production on Tue Sep 21 17:23:14 2021
Version 19.3.0.0.0

Copyright (c) 1982, 2019, Oracle and/or its affiliates.  All rights reserved.

Control File:   fillCompany.ctl
Data File:      C:\Users\vpkri\Desktop\db\lab1\generator\company.csv
  Bad File:     company.bad
  Discard File:  none specified
 
 (Allow all discards)

Number to load: ALL
Number to skip: 0
Errors allowed: 50
Bind array:     250 rows, maximum of 1048576 bytes
Continuation:    none specified
Path used:      Conventional

Table COMPANY, loaded from every logical record.
Insert option in effect for this table: INSERT

   Column Name                  Position   Len  Term Encl Datatype
------------------------------ ---------- ----- ---- ---- ---------------------
TICKER                              FIRST     *   ,  O(") CHARACTER            
COMPANY_NAME                         NEXT     *   ,  O(") CHARACTER            
FOUNDATION_DATE                      NEXT     *   ,  O(") CHARACTER            
SECTOR                               NEXT     *   ,  O(") CHARACTER            
COUNTRY                              NEXT     *   ,  O(") CHARACTER            
BALANCE_ID                           NEXT     *   ,  O(") CHARACTER            
SHADOW                               NEXT     *   ,  O(") CHARACTER            


Table COMPANY:
  1000 Rows successfully loaded.
  0 Rows not loaded due to data errors.
  0 Rows not loaded because all WHEN clauses were failed.
  0 Rows not loaded because all fields were null.


Space allocated for bind array:                 451500 bytes(250 rows)
Read   buffer bytes: 1048576

Total logical records skipped:          0
Total logical records read:          1000
Total logical records rejected:         0
Total logical records discarded:        0

Run began on Tue Sep 21 17:23:14 2021
Run ended on Tue Sep 21 17:23:17 2021

Elapsed time was:     00:00:02.60
CPU time was:         00:00:00.13
