
SQL*Loader: Release 19.0.0.0.0 - Production on Tue Sep 21 17:23:22 2021
Version 19.3.0.0.0

Copyright (c) 1982, 2019, Oracle and/or its affiliates.  All rights reserved.

Control File:   fillStock.ctl
Data File:      C:\Users\vpkri\Desktop\db\lab1\generator\stock_exchange.csv
  Bad File:     stock_exchange.bad
  Discard File:  none specified
 
 (Allow all discards)

Number to load: ALL
Number to skip: 0
Errors allowed: 50
Bind array:     250 rows, maximum of 1048576 bytes
Continuation:    none specified
Path used:      Conventional

Table STOCKEXCHANGE, loaded from every logical record.
Insert option in effect for this table: INSERT

   Column Name                  Position   Len  Term Encl Datatype
------------------------------ ---------- ----- ---- ---- ---------------------
DATE_FOUNDATION                     FIRST     *   ,  O(") CHARACTER            
NAME_STOCKEXCHANGE                   NEXT     *   ,  O(") CHARACTER            
AVAILABLE                            NEXT     *   ,  O(") CHARACTER            


Table STOCKEXCHANGE:
  1000 Rows successfully loaded.
  0 Rows not loaded due to data errors.
  0 Rows not loaded because all WHEN clauses were failed.
  0 Rows not loaded because all fields were null.


Space allocated for bind array:                 193500 bytes(250 rows)
Read   buffer bytes: 1048576

Total logical records skipped:          0
Total logical records read:          1000
Total logical records rejected:         0
Total logical records discarded:        0

Run began on Tue Sep 21 17:23:22 2021
Run ended on Tue Sep 21 17:23:25 2021

Elapsed time was:     00:00:02.54
CPU time was:         00:00:00.14
