
SQL*Loader: Release 19.0.0.0.0 - Production on Tue Sep 21 17:23:00 2021
Version 19.3.0.0.0

Copyright (c) 1982, 2019, Oracle and/or its affiliates.  All rights reserved.

Control File:   fillBalance.ctl
Data File:      C:\Users\vpkri\Desktop\db\lab1\generator\balance.csv
  Bad File:     balance.bad
  Discard File:  none specified
 
 (Allow all discards)

Number to load: ALL
Number to skip: 0
Errors allowed: 50
Bind array:     250 rows, maximum of 1048576 bytes
Continuation:    none specified
Path used:      Conventional

Table BALANCE, loaded from every logical record.
Insert option in effect for this table: INSERT

   Column Name                  Position   Len  Term Encl Datatype
------------------------------ ---------- ----- ---- ---- ---------------------
FREE_CASH                           FIRST     *   ,  O(") CHARACTER            
STOCKS_AMOUNT                        NEXT     *   ,  O(") CHARACTER            
TURNOVER                             NEXT     *   ,  O(") CHARACTER            
TOTAL_ASSETS                         NEXT     *   ,  O(") CHARACTER            
INCOME                               NEXT     *   ,  O(") CHARACTER            


Table BALANCE:
  1000 Rows successfully loaded.
  0 Rows not loaded due to data errors.
  0 Rows not loaded because all WHEN clauses were failed.
  0 Rows not loaded because all fields were null.


Space allocated for bind array:                 322500 bytes(250 rows)
Read   buffer bytes: 1048576

Total logical records skipped:          0
Total logical records read:          1000
Total logical records rejected:         0
Total logical records discarded:        0

Run began on Tue Sep 21 17:23:00 2021
Run ended on Tue Sep 21 17:23:02 2021

Elapsed time was:     00:00:02.39
CPU time was:         00:00:00.06
