
SQL*Loader: Release 19.0.0.0.0 - Production on Tue Sep 21 17:27:47 2021
Version 19.3.0.0.0

Copyright (c) 1982, 2019, Oracle and/or its affiliates.  All rights reserved.

Control File:   fillBalance.ctl
Data File:      C:\Users\vpkri\Desktop\db\lab1\generator\balance.csv
  Bad File:     balance.bad
  Discard File:  none specified
 
 (Allow all discards)

Number to load: ALL
Number to skip: 0
Errors allowed: 50
Bind array:     250 rows, maximum of 1048576 bytes
Continuation:    none specified
Path used:      Conventional

Table BALANCE, loaded from every logical record.
Insert option in effect for this table: INSERT

   Column Name                  Position   Len  Term Encl Datatype
------------------------------ ---------- ----- ---- ---- ---------------------
FREE_CASH                           FIRST     *   ,  O(") CHARACTER            
STOCKS_AMOUNT                        NEXT     *   ,  O(") CHARACTER            
TURNOVER                             NEXT     *   ,  O(") CHARACTER            
TOTAL_ASSETS                         NEXT     *   ,  O(") CHARACTER            
INCOME                               NEXT     *   ,  O(") CHARACTER            

SQL*Loader-601: For INSERT option, table must be empty.  Error on table BALANCE
